<?xml version="1.0" encoding="UTF-8"?>
<testsuite name="lab5.BrowserHistoryProblemTest" tests="8" skipped="0" failures="0" errors="0" timestamp="2023-03-12T23:34:21" hostname="ANTHONY-PC" time="0.002">
  <properties/>
  <testcase name="test1" classname="lab5.BrowserHistoryProblemTest" time="0.001"/>
  <testcase name="test2" classname="lab5.BrowserHistoryProblemTest" time="0.0"/>
  <testcase name="test3" classname="lab5.BrowserHistoryProblemTest" time="0.0"/>
  <testcase name="test4" classname="lab5.BrowserHistoryProblemTest" time="0.0"/>
  <testcase name="test5" classname="lab5.BrowserHistoryProblemTest" time="0.001"/>
  <testcase name="test6" classname="lab5.BrowserHistoryProblemTest" time="0.0"/>
  <testcase name="test7" classname="lab5.BrowserHistoryProblemTest" time="0.0"/>
  <testcase name="test8" classname="lab5.BrowserHistoryProblemTest" time="0.0"/>
  <system-out><![CDATA[]]></system-out>
  <system-err><![CDATA[]]></system-err>
</testsuite>
