<?xml version="1.0" encoding="UTF-8"?>
<testsuite name="lab5.StackSortProblemTest" tests="4" skipped="0" failures="0" errors="0" timestamp="2023-03-12T23:34:21" hostname="ANTHONY-PC" time="0.013">
  <properties/>
  <testcase name="testExample" classname="lab5.StackSortProblemTest" time="0.002"/>
  <testcase name="test1" classname="lab5.StackSortProblemTest" time="0.001"/>
  <testcase name="test2" classname="lab5.StackSortProblemTest" time="0.004"/>
  <testcase name="test3" classname="lab5.StackSortProblemTest" time="0.005"/>
  <system-out><![CDATA[]]></system-out>
  <system-err><![CDATA[]]></system-err>
</testsuite>
