<?xml version="1.0" encoding="UTF-8"?>
<testsuite name="lab5.CircularDoublyLinkedQueueTest" tests="4" skipped="0" failures="0" errors="0" timestamp="2023-03-12T23:34:21" hostname="ANTHONY-PC" time="0.001">
  <properties/>
  <testcase name="testAdds" classname="lab5.CircularDoublyLinkedQueueTest" time="0.001"/>
  <testcase name="testGets" classname="lab5.CircularDoublyLinkedQueueTest" time="0.0"/>
  <testcase name="testRemoveOccurrences" classname="lab5.CircularDoublyLinkedQueueTest" time="0.0"/>
  <testcase name="testRemoves" classname="lab5.CircularDoublyLinkedQueueTest" time="0.0"/>
  <system-out><![CDATA[]]></system-out>
  <system-err><![CDATA[]]></system-err>
</testsuite>
